86 97185.289902879929286427796
154 598 50 127 99 579 146 529 242 
224 131 399 282 55 77 340 345 284 
173 376 321 416 189 228 137 218 445 389 419 
13 10 500 202 181 568 178 329 390 404 
86 90 338 384 393 23 333 62 313 472 
330 523 60 350 425 392 177 118 511 179 296 
28 247 420 417 138 516 496 229 180 168 
109 233 308 30 354 17 185 100 499 11 
600 577 21 380 96 149 37 567 124 467 
111 303 71 244 348 56 289 365 398 583 
518 564 421 98 236 92 394 195 80 186 43 
546 344 261 383 448 160 409 265 407 585 
391 492 592 206 260 332 506 113 548 423 
155 68 463 331 464 238 251 223 225 
88 521 351 527 169 341 93 66 85 
594 104 575 418 286 574 105 132 520 
9 531 63 374 446 12 325 552 432 234 
532 353 196 513 67 326 372 584 171 295 
309 586 211 183 347 209 507 54 484 194 
461 482 589 441 174 41 200 433 410 486 397 
107 524 431 522 591 283 473 279 396 
322 572 355 65 249 406 187 24 153 
479 69 537 337 2 362 110 8 356 
587 31 413 53 213 541 317 270 
148 119 203 248 273 328 435 549 430 
42 57 315 73 298 27 318 334 
414 429 72 241 208 106 255 102 
20 336 542 471 207 122 447 240 503 
465 44 533 130 343 176 290 108 369 
569 204 103 534 25 231 578 123 455 
536 565 292 535 78 495 387 70 
287 458 596 412 415 382 32 528 
352 142 519 478 141 581 570 
588 590 285 35 26 428 269 81 
487 551 170 388 201 485 64 280 
51 144 573 526 515 304 114 451 
276 370 143 272 227 214 126 422 
426 357 190 557 34 188 368 
493 116 253 162 172 377 156 476 
538 87 193 74 82 424 83 
184 310 402 243 460 514 134 
210 212 139 15 323 561 159 488 
59 61 510 468 197 452 294 502 
297 192 101 91 79 302 443 
386 7 385 477 483 401 403 145 
157 6 456 599 438 198 277 
360 490 120 36 562 14 316 
150 405 480 563 550 543 544 
278 327 84 439 165 525 
595 166 593 38 215 40 
560 191 258 33 320 576 235 
52 219 554 395 436 335 
580 540 459 539 373 129 46 
47 547 16 257 199 274 311 
379 489 545 135 307 
29 3 226 163 4 491 
254 232 470 164 281 553 216 
76 291 556 508 89 97 
221 158 582 58 342 319 
349 361 264 442 252 450 
444 457 474 222 271 
288 117 136 293 597 
259 152 301 375 437 
300 45 517 299 504 
408 381 324 245 364 
367 358 140 498 411 314 
400 1 128 39 182 161 
306 5 151 339 
497 239 175 312 121 
230 19 481 48 
440 262 22 462 359 266 
475 18 509 566 530 
205 256 112 220 
246 147 263 454 
267 363 378 505 
268 371 449 305 555 
469 512 366 
434 167 133 
237 558 
346 571 125 
427 466 
250 453 115 
75 275 494 
501 559 
217 
49 94 95 
