21 68893.916440775836235843599
203 559 542 469 52 441 397 280 35 269 428 258 335 456 230 248 342 386 476 582 568 350 497 515 516 569 596 564 22 95 28 307 514 57 98 247 
331 207 295 210 162 26 394 31 287 455 555 411 38 246 588 128 291 7 275 292 435 303 233 232 244 86 403 53 354 422 408 4 129 127 108 118 339 
199 63 261 493 541 223 209 594 384 200 452 316 520 369 439 450 525 329 487 298 486 71 219 416 551 390 529 191 77 214 279 286 317 144 239 437 16 228 
151 116 352 521 504 346 74 51 510 113 249 309 459 255 320 599 85 289 575 225 165 160 180 306 420 107 177 305 392 492 254 238 526 545 468 365 
25 94 19 37 253 271 70 434 274 471 533 310 54 288 299 319 47 109 419 115 330 29 424 236 560 546 336 465 495 372 343 3 400 363 20 75 
110 474 135 212 56 313 67 137 501 570 356 572 211 345 218 121 451 578 73 503 580 300 166 530 72 457 100 84 263 453 224 167 264 478 544 
347 553 111 517 573 205 558 97 260 6 337 196 265 153 351 483 123 36 82 433 595 268 429 485 172 270 396 565 567 579 23 285 446 328 
188 412 161 208 79 252 283 226 106 171 506 467 538 112 454 215 367 103 315 581 355 262 256 120 133 391 163 443 509 388 379 475 360 535 
362 511 152 169 58 426 78 80 154 418 143 176 293 149 427 59 401 119 42 592 460 552 276 364 88 159 141 508 242 377 481 101 122 45 
383 132 366 282 376 333 240 357 518 358 586 105 92 449 410 389 502 484 294 574 374 33 231 421 513 139 491 66 368 463 131 156 322 
34 409 550 281 590 496 507 447 500 489 499 81 539 104 338 257 48 395 557 413 183 466 185 326 344 43 170 380 589 444 147 89 325 
464 24 327 593 182 142 414 192 61 524 548 482 549 148 8 201 202 90 277 458 189 543 587 158 334 479 234 32 138 114 584 50 93 102 
404 522 399 321 425 5 184 470 27 146 164 597 488 308 519 213 187 585 297 2 359 126 407 398 55 9 190 41 216 130 193 
591 87 472 195 532 406 432 440 250 124 323 12 361 237 566 370 505 278 405 65 197 531 445 561 512 68 69 353 349 556 415 76 235 341 571 
461 39 10 14 194 494 178 290 259 267 304 49 480 576 145 375 284 125 442 62 311 371 583 600 348 378 44 174 324 540 
301 312 340 243 40 431 64 448 598 173 534 117 423 217 490 157 438 1 302 385 60 417 96 373 179 206 
436 46 554 430 222 134 563 251 155 221 204 536 11 15 227 527 30 314 241 136 
99 332 13 186 523 402 150 462 498 537 528 198 181 387 17 577 393 175 318 477 
272 296 547 382 562 381 18 220 21 245 140 
83 229 91 168 266 273 
473 
